2025-05-22 20:59:03,209 - fly_brain - INFO - Analyzing degree distributions for regions: EB, FB, MB, LH, AL
2025-05-22 20:59:03,209 - fly_brain - INFO - Processing 5 regions sequentially
2025-05-22 20:59:03,209 - fly_brain - INFO - Processing region: EB
2025-05-22 20:59:03,360 - fly_brain - INFO - Loaded processed EB network: 854 nodes, 43854 edges
2025-05-22 20:59:03,361 - fly_brain - INFO - Loaded original network with 854 nodes and 43854 edges
2025-05-22 20:59:03,496 - fly_brain - INFO - Loaded configuration model for EB: 854 nodes, 32435 edges
2025-05-22 20:59:03,777 - fly_brain - INFO - Loaded scaled_configuration model for EB: 1500 nodes, 62241 edges
2025-05-22 20:59:03,777 - fly_brain - INFO - Loading coarsened network for eb from /Users/cosimoradler/Desktop/1/Semester 4/Modeling Real World Problmes/FLY BRAIN/data/Coarsened Networks (0.5)/eb_cleaned_coarsened.gexf
2025-05-22 20:59:03,783 - fly_brain - INFO - Successfully loaded coarsened network with 427 nodes and 1254 edges
2025-05-22 20:59:04,418 - fly_brain - INFO - Saved figure for EB to /Users/cosimoradler/Desktop/1/Semester 4/Modeling Real World Problmes/FLY BRAIN/results/figures/EB_degree_distribution_20250522_205903.png
2025-05-22 20:59:04,419 - fly_brain - INFO - Processing region: FB
2025-05-22 20:59:05,103 - fly_brain - INFO - Loaded processed FB network: 4366 nodes, 172671 edges
2025-05-22 20:59:05,103 - fly_brain - INFO - Loaded original network with 4366 nodes and 172671 edges
2025-05-22 20:59:05,846 - fly_brain - INFO - Loaded configuration model for FB: 4366 nodes, 160888 edges
2025-05-22 20:59:06,080 - fly_brain - INFO - Loaded scaled_configuration model for FB: 1500 nodes, 49361 edges
2025-05-22 20:59:06,080 - fly_brain - INFO - Loading coarsened network for fb from /Users/cosimoradler/Desktop/1/Semester 4/Modeling Real World Problmes/FLY BRAIN/data/Coarsened Networks (0.5)/fb_cleaned_coarsened.gexf
2025-05-22 20:59:06,154 - fly_brain - INFO - Successfully loaded coarsened network with 2183 nodes and 9797 edges
2025-05-22 20:59:06,700 - fly_brain - INFO - Saved figure for FB to /Users/cosimoradler/Desktop/1/Semester 4/Modeling Real World Problmes/FLY BRAIN/results/figures/FB_degree_distribution_20250522_205903.png
2025-05-22 20:59:06,701 - fly_brain - INFO - Processing region: MB
2025-05-22 20:59:06,823 - fly_brain - INFO - Loaded processed MB network: 598 nodes, 13171 edges
2025-05-22 20:59:06,823 - fly_brain - INFO - Loaded original network with 598 nodes and 13171 edges
2025-05-22 20:59:06,860 - fly_brain - INFO - Loaded configuration model for MB: 598 nodes, 11392 edges
2025-05-22 20:59:06,988 - fly_brain - INFO - Loaded scaled_configuration model for MB: 1500 nodes, 31160 edges
2025-05-22 20:59:06,989 - fly_brain - INFO - Loading coarsened network for mb from /Users/cosimoradler/Desktop/1/Semester 4/Modeling Real World Problmes/FLY BRAIN/data/Coarsened Networks (0.5)/mb_cleaned_coarsened.gexf
2025-05-22 20:59:06,997 - fly_brain - INFO - Successfully loaded coarsened network with 299 nodes and 2441 edges
2025-05-22 20:59:07,527 - fly_brain - INFO - Saved figure for MB to /Users/cosimoradler/Desktop/1/Semester 4/Modeling Real World Problmes/FLY BRAIN/results/figures/MB_degree_distribution_20250522_205903.png
2025-05-22 20:59:07,528 - fly_brain - INFO - Processing region: LH
2025-05-22 20:59:07,909 - fly_brain - INFO - Loaded processed LH network: 3712 nodes, 100567 edges
2025-05-22 20:59:07,909 - fly_brain - INFO - Loaded original network with 3712 nodes and 100567 edges
2025-05-22 20:59:08,410 - fly_brain - INFO - Loaded configuration model for LH: 3712 nodes, 95974 edges
2025-05-22 20:59:08,569 - fly_brain - INFO - Loaded scaled_configuration model for LH: 1500 nodes, 35983 edges
2025-05-22 20:59:08,569 - fly_brain - INFO - Loading coarsened network for lh from /Users/cosimoradler/Desktop/1/Semester 4/Modeling Real World Problmes/FLY BRAIN/data/Coarsened Networks (0.5)/lh_cleaned_coarsened.gexf
2025-05-22 20:59:08,665 - fly_brain - INFO - Successfully loaded coarsened network with 1856 nodes and 17998 edges
2025-05-22 20:59:09,194 - fly_brain - INFO - Saved figure for LH to /Users/cosimoradler/Desktop/1/Semester 4/Modeling Real World Problmes/FLY BRAIN/results/figures/LH_degree_distribution_20250522_205903.png
2025-05-22 20:59:09,195 - fly_brain - INFO - Processing region: AL
2025-05-22 20:59:09,288 - fly_brain - INFO - Loaded processed AL network: 1041 nodes, 10945 edges
2025-05-22 20:59:09,288 - fly_brain - INFO - Loaded original network with 1041 nodes and 10945 edges
2025-05-22 20:59:09,321 - fly_brain - INFO - Loaded configuration model for AL: 1041 nodes, 9895 edges
2025-05-22 20:59:09,388 - fly_brain - INFO - Loaded scaled_configuration model for AL: 1500 nodes, 14685 edges
2025-05-22 20:59:09,388 - fly_brain - INFO - Loading coarsened network for al from /Users/cosimoradler/Desktop/1/Semester 4/Modeling Real World Problmes/FLY BRAIN/data/Coarsened Networks (0.5)/al_cleaned_coarsened.gexf
2025-05-22 20:59:09,395 - fly_brain - INFO - Successfully loaded coarsened network with 521 nodes and 1440 edges
2025-05-22 20:59:09,904 - fly_brain - INFO - Saved figure for AL to /Users/cosimoradler/Desktop/1/Semester 4/Modeling Real World Problmes/FLY BRAIN/results/figures/AL_degree_distribution_20250522_205903.png
2025-05-22 20:59:09,904 - fly_brain - INFO - Creating combined figure
2025-05-22 20:59:10,079 - fly_brain - INFO - Loaded processed EB network: 854 nodes, 43854 edges
2025-05-22 20:59:10,793 - fly_brain - INFO - Loaded processed FB network: 4366 nodes, 172671 edges
2025-05-22 20:59:10,837 - fly_brain - INFO - Loaded processed MB network: 598 nodes, 13171 edges
2025-05-22 20:59:11,369 - fly_brain - INFO - Loaded processed LH network: 3712 nodes, 100567 edges
2025-05-22 20:59:11,407 - fly_brain - INFO - Loaded processed AL network: 1041 nodes, 10945 edges
2025-05-22 20:59:11,933 - fly_brain - INFO - Saved combined figure to /Users/cosimoradler/Desktop/1/Semester 4/Modeling Real World Problmes/FLY BRAIN/results/figures/multi_region_degree_distribution_20250522_205903.png
2025-05-22 20:59:11,933 - fly_brain - INFO - Analysis complete
